----------------------------------------
Timestamp: 22/04/2015 1:32:40 PM

Message: Shutting down threadpool...


----------------------------------------
----------------------------------------
Timestamp: 22/04/2015 1:32:40 PM

Message: Thread pool 'BackgroundTasksService': Shutdown of thread pool completed. All currently running threads will finish their work and stop.


----------------------------------------
----------------------------------------
Timestamp: 22/04/2015 1:32:40 PM

Message: WorkerThread is shut down


----------------------------------------
----------------------------------------
Timestamp: 22/04/2015 1:32:40 PM

Message: WorkerThread is shut down


----------------------------------------
----------------------------------------
Timestamp: 22/04/2015 1:32:40 PM

Message: WorkerThread is shut down


----------------------------------------
----------------------------------------
Timestamp: 22/04/2015 1:32:40 PM

Message: WorkerThread is shut down


----------------------------------------
----------------------------------------
Timestamp: 22/04/2015 1:32:40 PM

Message: Background task scheduler shut down


----------------------------------------
----------------------------------------
Timestamp: 22/04/2015 1:32:40 PM

Message: WorkerThread is shut down


----------------------------------------
----------------------------------------
Timestamp: 22/04/2015 1:32:40 PM

Message: WorkerThread is shut down


----------------------------------------
----------------------------------------
Timestamp: 22/04/2015 1:32:40 PM

Message: WorkerThread is shut down


----------------------------------------
----------------------------------------
Timestamp: 22/04/2015 1:32:40 PM

Message: WorkerThread is shut down


----------------------------------------
----------------------------------------
Timestamp: 22/04/2015 1:33:10 PM

Message: Shutting down threadpool...


----------------------------------------
----------------------------------------
Timestamp: 22/04/2015 1:33:10 PM

Message: Thread pool 'BackgroundTasksService': Shutdown of thread pool completed. Threads aborted.


----------------------------------------
