----------------------------------------
Timestamp: 4/23/2015 5:02:46 PM

Message: HandlingInstanceID: 1cbfea27-422d-45d5-8a7b-92b8547a449b
An exception of type 'System.Web.HttpException' occurred and was caught.
------------------------------------------------------------------------
04/23/2015 13:02:46
Type : System.Web.HttpException, System.Web, Version=4.0.0.0, Culture=neutral, PublicKeyToken=b03f5f7f11d50a3a
Message : File does not exist.
Source : System.Web
Help link : 
WebEventCode : 0
ErrorCode : -2147467259
Data : System.Collections.ListDictionaryInternal
TargetSite : Boolean ProcessRequestForNonMapPathBasedVirtualFile(System.Web.HttpRequest, System.Web.HttpResponse, System.String)
HResult : -2147467259
Stack Trace :    at System.Web.StaticFileHandler.ProcessRequestForNonMapPathBasedVirtualFile(HttpRequest request, HttpResponse response, String overrideVirtualPath)
   at System.Web.StaticFileHandler.ProcessRequestInternal(HttpContext context, String overrideVirtualPath)
   at System.Web.DefaultHttpHandler.BeginProcessRequest(HttpContext context, AsyncCallback callback, Object state)
   at System.Web.HttpApplication.CallHandlerExecutionStep.System.Web.HttpApplication.IExecutionStep.Execute()
   at System.Web.HttpApplication.ExecuteStep(IExecutionStep step, Boolean& completedSynchronously)

Additional Info:

MachineName : PC-LAMB-J
TimeStamp : 4/23/2015 5:02:46 PM
FullName : Telerik.Sitefinity.Utilities, Version=8.0.5700.0, Culture=neutral, PublicKeyToken=b28c218413bdf563
AppDomainName : a5e44346-2-130741831617278456
ThreadIdentity : admin
WindowsIdentity : MCMASTER\lambjc
Requested URL : http://localhost:12072/RIVET/Sitefinity/Template/javascript/site_parameters.js


Category: ErrorLog

Priority: 0

EventId: 90000

Severity: Error

Title:Enterprise Library Exception Handling

Machine: PC-LAMB-J

App Domain: a5e44346-2-130741831617278456

ProcessId: 3788

Process Name: C:\Program Files (x86)\Telerik\Sitefinity\Sitefinity.exe

Thread Name: 

Win32 ThreadId:12260

Extended Properties: 
----------------------------------------
----------------------------------------
Timestamp: 4/23/2015 5:52:02 PM

Message: HandlingInstanceID: a94f4bb4-5397-4435-996c-d2d46b7d93d4
An exception of type 'System.Web.HttpException' occurred and was caught.
------------------------------------------------------------------------
04/23/2015 13:52:02
Type : System.Web.HttpException, System.Web, Version=4.0.0.0, Culture=neutral, PublicKeyToken=b03f5f7f11d50a3a
Message : Cannot find ContentPlaceHolder 'menuwrap' in the master page '/RIVET/App_Data/Sitefinity/WebsiteTemplates/RIVET/App_Master/RIVETNew.master', verify content control's ContentPlaceHolderID attribute in the content page.
Source : System.Web
Help link : 
WebEventCode : 0
ErrorCode : -2147467259
Data : System.Collections.ListDictionaryInternal
TargetSite : System.Web.UI.MasterPage CreateMaster(System.Web.UI.TemplateControl, System.Web.HttpContext, System.Web.VirtualPath, System.Collections.IDictionary)
HResult : -2147467259
Stack Trace :    at System.Web.UI.MasterPage.CreateMaster(TemplateControl owner, HttpContext context, VirtualPath masterPageFile, IDictionary contentTemplateCollection)
   at System.Web.UI.Page.ApplyMasterPage()
   at System.Web.UI.Page.PerformPreInit()
   at System.Web.UI.Page.ProcessRequestMain(Boolean includeStagesBeforeAsyncPoint, Boolean includeStagesAfterAsyncPoint)

Additional Info:

MachineName : PC-LAMB-J
TimeStamp : 4/23/2015 5:52:02 PM
FullName : Telerik.Sitefinity.Utilities, Version=8.0.5700.0, Culture=neutral, PublicKeyToken=b28c218413bdf563
AppDomainName : a5e44346-2-130741831617278456
ThreadIdentity : admin
WindowsIdentity : MCMASTER\lambjc
Requested URL : http://localhost:12072/RIVET/default.aspx


Category: ErrorLog

Priority: 0

EventId: 90000

Severity: Error

Title:Enterprise Library Exception Handling

Machine: PC-LAMB-J

App Domain: a5e44346-2-130741831617278456

ProcessId: 3788

Process Name: C:\Program Files (x86)\Telerik\Sitefinity\Sitefinity.exe

Thread Name: 

Win32 ThreadId:8492

Extended Properties: 
----------------------------------------
----------------------------------------
Timestamp: 4/23/2015 5:52:17 PM

Message: HandlingInstanceID: e896daa8-3ce0-4fd2-aba5-18edd2fb75e3
An exception of type 'System.Web.HttpException' occurred and was caught.
------------------------------------------------------------------------
04/23/2015 13:52:17
Type : System.Web.HttpException, System.Web, Version=4.0.0.0, Culture=neutral, PublicKeyToken=b03f5f7f11d50a3a
Message : Cannot find ContentPlaceHolder 'menuwrap' in the master page '/RIVET/App_Data/Sitefinity/WebsiteTemplates/RIVET/App_Master/RIVETNew.master', verify content control's ContentPlaceHolderID attribute in the content page.
Source : System.Web
Help link : 
WebEventCode : 0
ErrorCode : -2147467259
Data : System.Collections.ListDictionaryInternal
TargetSite : System.Web.UI.MasterPage CreateMaster(System.Web.UI.TemplateControl, System.Web.HttpContext, System.Web.VirtualPath, System.Collections.IDictionary)
HResult : -2147467259
Stack Trace :    at System.Web.UI.MasterPage.CreateMaster(TemplateControl owner, HttpContext context, VirtualPath masterPageFile, IDictionary contentTemplateCollection)
   at System.Web.UI.Page.ApplyMasterPage()
   at System.Web.UI.Page.PerformPreInit()
   at System.Web.UI.Page.ProcessRequestMain(Boolean includeStagesBeforeAsyncPoint, Boolean includeStagesAfterAsyncPoint)

Additional Info:

MachineName : PC-LAMB-J
TimeStamp : 4/23/2015 5:52:17 PM
FullName : Telerik.Sitefinity.Utilities, Version=8.0.5700.0, Culture=neutral, PublicKeyToken=b28c218413bdf563
AppDomainName : a5e44346-2-130741831617278456
ThreadIdentity : admin
WindowsIdentity : MCMASTER\lambjc
Requested URL : http://localhost:12072/RIVET/default.aspx


Category: ErrorLog

Priority: 0

EventId: 90000

Severity: Error

Title:Enterprise Library Exception Handling

Machine: PC-LAMB-J

App Domain: a5e44346-2-130741831617278456

ProcessId: 3788

Process Name: C:\Program Files (x86)\Telerik\Sitefinity\Sitefinity.exe

Thread Name: 

Win32 ThreadId:11612

Extended Properties: 
----------------------------------------
----------------------------------------
Timestamp: 4/23/2015 7:00:43 PM

Message: HandlingInstanceID: 1ef95f50-70e8-4cca-a9d2-761fd1e65897
An exception of type 'System.Security.Cryptography.CryptographicException' occurred and was caught.
---------------------------------------------------------------------------------------------------
04/23/2015 15:00:42
Type : System.Security.Cryptography.CryptographicException, mscorlib, Version=4.0.0.0, Culture=neutral, PublicKeyToken=b77a5c561934e089
Message : Bad Data.

Source : mscorlib
Help link : 
Data : System.Collections.ListDictionaryInternal
TargetSite : Void ThrowCryptographicException(Int32)
HResult : -2146893819
Stack Trace :    at System.Security.Cryptography.CryptographicException.ThrowCryptographicException(Int32 hr)
   at System.Security.Cryptography.Utils._DecryptData(SafeKeyHandle hKey, Byte[] data, Int32 ib, Int32 cb, Byte[]& outputBuffer, Int32 outputOffset, PaddingMode PaddingMode, Boolean fDone)
   at System.Security.Cryptography.CryptoAPITransform.TransformFinalBlock(Byte[] inputBuffer, Int32 inputOffset, Int32 inputCount)
   at System.Security.Cryptography.CryptoStream.FlushFinalBlock()
   at System.Security.Cryptography.CryptoStream.Dispose(Boolean disposing)
   at System.IO.Stream.Close()
   at Telerik.Sitefinity.Security.SecurityManager.DecryptData(Byte[] data)
   at Microsoft.IdentityModel.Tokens.SessionSecurityTokenHandler.ApplyTransforms(Byte[] cookie, Boolean outbound)
   at Microsoft.IdentityModel.Tokens.SessionSecurityTokenHandler.ReadToken(XmlReader reader, SecurityTokenResolver tokenResolver)
   at Microsoft.IdentityModel.Tokens.SessionSecurityTokenHandler.ReadToken(Byte[] token, SecurityTokenResolver tokenResolver)
   at Telerik.Sitefinity.Security.Claims.SitefinitySessionAuthenticationModule.ReadToken(Byte[] sessionCookie)

Additional Info:

MachineName : PC-LAMB-J
TimeStamp : 4/23/2015 7:00:43 PM
FullName : Telerik.Sitefinity.Utilities, Version=8.0.5700.0, Culture=neutral, PublicKeyToken=b28c218413bdf563
AppDomainName : a5e44346-3-130742891399671794
ThreadIdentity : 
WindowsIdentity : MCMASTER\lambjc
Requested URL : http://localhost:12072/RIVET/Sitefinity/Design/PageTemplates


Category: ErrorLog

Priority: 0

EventId: 9010

Severity: Warning

Title:Enterprise Library Exception Handling

Machine: PC-LAMB-J

App Domain: a5e44346-3-130742891399671794

ProcessId: 3788

Process Name: C:\Program Files (x86)\Telerik\Sitefinity\Sitefinity.exe

Thread Name: 

Win32 ThreadId:4200

Extended Properties: 
----------------------------------------
----------------------------------------
Timestamp: 4/23/2015 7:10:18 PM

Message: HandlingInstanceID: 4f5ccdf8-7df9-4902-9a06-e0bdd7d7fbb3
An exception of type 'System.Web.HttpException' occurred and was caught.
------------------------------------------------------------------------
04/23/2015 15:10:18
Type : System.Web.HttpException, System.Web, Version=4.0.0.0, Culture=neutral, PublicKeyToken=b03f5f7f11d50a3a
Message : Cannot find ContentPlaceHolder 'Menu2' in the master page '/RIVET/App_Data/Sitefinity/WebsiteTemplates/RIVET/App_Master/RIVETNew.master', verify content control's ContentPlaceHolderID attribute in the content page.
Source : System.Web
Help link : 
WebEventCode : 0
ErrorCode : -2147467259
Data : System.Collections.ListDictionaryInternal
TargetSite : System.Web.UI.MasterPage CreateMaster(System.Web.UI.TemplateControl, System.Web.HttpContext, System.Web.VirtualPath, System.Collections.IDictionary)
HResult : -2147467259
Stack Trace :    at System.Web.UI.MasterPage.CreateMaster(TemplateControl owner, HttpContext context, VirtualPath masterPageFile, IDictionary contentTemplateCollection)
   at System.Web.UI.Page.ApplyMasterPage()
   at System.Web.UI.Page.PerformPreInit()
   at System.Web.UI.Page.ProcessRequestMain(Boolean includeStagesBeforeAsyncPoint, Boolean includeStagesAfterAsyncPoint)

Additional Info:

MachineName : PC-LAMB-J
TimeStamp : 4/23/2015 7:10:18 PM
FullName : Telerik.Sitefinity.Utilities, Version=8.0.5700.0, Culture=neutral, PublicKeyToken=b28c218413bdf563
AppDomainName : a5e44346-3-130742891399671794
ThreadIdentity : admin
WindowsIdentity : MCMASTER\lambjc
Requested URL : http://localhost:12072/RIVET/default.aspx


Category: ErrorLog

Priority: 0

EventId: 90000

Severity: Error

Title:Enterprise Library Exception Handling

Machine: PC-LAMB-J

App Domain: a5e44346-3-130742891399671794

ProcessId: 3788

Process Name: C:\Program Files (x86)\Telerik\Sitefinity\Sitefinity.exe

Thread Name: 

Win32 ThreadId:8404

Extended Properties: 
----------------------------------------
