----------------------------------------
Timestamp: 4/27/2015 4:14:11 PM

Message: HandlingInstanceID: cfd1508d-e84c-446b-aa38-378131b25338
An exception of type 'System.Web.HttpException' occurred and was caught.
------------------------------------------------------------------------
04/27/2015 12:14:11
Type : System.Web.HttpException, System.Web, Version=4.0.0.0, Culture=neutral, PublicKeyToken=b03f5f7f11d50a3a
Message : File does not exist.
Source : System.Web
Help link : 
WebEventCode : 0
ErrorCode : -2147467259
Data : System.Collections.ListDictionaryInternal
TargetSite : Boolean ProcessRequestForNonMapPathBasedVirtualFile(System.Web.HttpRequest, System.Web.HttpResponse, System.String)
HResult : -2147467259
Stack Trace :    at System.Web.StaticFileHandler.ProcessRequestForNonMapPathBasedVirtualFile(HttpRequest request, HttpResponse response, String overrideVirtualPath)
   at System.Web.StaticFileHandler.ProcessRequestInternal(HttpContext context, String overrideVirtualPath)
   at System.Web.DefaultHttpHandler.BeginProcessRequest(HttpContext context, AsyncCallback callback, Object state)
   at System.Web.HttpApplication.CallHandlerExecutionStep.System.Web.HttpApplication.IExecutionStep.Execute()
   at System.Web.HttpApplication.ExecuteStep(IExecutionStep step, Boolean& completedSynchronously)

Additional Info:

MachineName : PC-LAMB-J
TimeStamp : 4/27/2015 4:14:11 PM
FullName : Telerik.Sitefinity.Utilities, Version=8.0.5700.0, Culture=neutral, PublicKeyToken=b28c218413bdf563
AppDomainName : a5e44346-4-130743789094766622
ThreadIdentity : admin
WindowsIdentity : MCMASTER\lambjc
Requested URL : http://localhost:12072/RIVET/Sitefinity/Template/small-device.css


Category: ErrorLog

Priority: 0

EventId: 90000

Severity: Error

Title:Enterprise Library Exception Handling

Machine: PC-LAMB-J

App Domain: a5e44346-4-130743789094766622

ProcessId: 3788

Process Name: C:\Program Files (x86)\Telerik\Sitefinity\Sitefinity.exe

Thread Name: 

Win32 ThreadId:18548

Extended Properties: 
----------------------------------------
----------------------------------------
Timestamp: 4/27/2015 4:14:19 PM

Message: HandlingInstanceID: ef568efb-42ed-4a7d-9c3d-5e5a85dc3ed8
An exception of type 'System.Web.HttpException' occurred and was caught.
------------------------------------------------------------------------
04/27/2015 12:14:19
Type : System.Web.HttpException, System.Web, Version=4.0.0.0, Culture=neutral, PublicKeyToken=b03f5f7f11d50a3a
Message : File does not exist.
Source : System.Web
Help link : 
WebEventCode : 0
ErrorCode : -2147467259
Data : System.Collections.ListDictionaryInternal
TargetSite : Boolean ProcessRequestForNonMapPathBasedVirtualFile(System.Web.HttpRequest, System.Web.HttpResponse, System.String)
HResult : -2147467259
Stack Trace :    at System.Web.StaticFileHandler.ProcessRequestForNonMapPathBasedVirtualFile(HttpRequest request, HttpResponse response, String overrideVirtualPath)
   at System.Web.StaticFileHandler.ProcessRequestInternal(HttpContext context, String overrideVirtualPath)
   at System.Web.DefaultHttpHandler.BeginProcessRequest(HttpContext context, AsyncCallback callback, Object state)
   at System.Web.HttpApplication.CallHandlerExecutionStep.System.Web.HttpApplication.IExecutionStep.Execute()
   at System.Web.HttpApplication.ExecuteStep(IExecutionStep step, Boolean& completedSynchronously)

Additional Info:

MachineName : PC-LAMB-J
TimeStamp : 4/27/2015 4:14:19 PM
FullName : Telerik.Sitefinity.Utilities, Version=8.0.5700.0, Culture=neutral, PublicKeyToken=b28c218413bdf563
AppDomainName : a5e44346-4-130743789094766622
ThreadIdentity : admin
WindowsIdentity : MCMASTER\lambjc
Requested URL : http://localhost:12072/RIVET/small-device.css


Category: ErrorLog

Priority: 0

EventId: 90000

Severity: Error

Title:Enterprise Library Exception Handling

Machine: PC-LAMB-J

App Domain: a5e44346-4-130743789094766622

ProcessId: 3788

Process Name: C:\Program Files (x86)\Telerik\Sitefinity\Sitefinity.exe

Thread Name: 

Win32 ThreadId:17140

Extended Properties: 
----------------------------------------
----------------------------------------
Timestamp: 4/27/2015 4:14:27 PM

Message: HandlingInstanceID: f4b28a9f-8754-45c8-b5ff-54e569a678fc
An exception of type 'System.Web.HttpException' occurred and was caught.
------------------------------------------------------------------------
04/27/2015 12:14:27
Type : System.Web.HttpException, System.Web, Version=4.0.0.0, Culture=neutral, PublicKeyToken=b03f5f7f11d50a3a
Message : File does not exist.
Source : System.Web
Help link : 
WebEventCode : 0
ErrorCode : -2147467259
Data : System.Collections.ListDictionaryInternal
TargetSite : Boolean ProcessRequestForNonMapPathBasedVirtualFile(System.Web.HttpRequest, System.Web.HttpResponse, System.String)
HResult : -2147467259
Stack Trace :    at System.Web.StaticFileHandler.ProcessRequestForNonMapPathBasedVirtualFile(HttpRequest request, HttpResponse response, String overrideVirtualPath)
   at System.Web.StaticFileHandler.ProcessRequestInternal(HttpContext context, String overrideVirtualPath)
   at System.Web.DefaultHttpHandler.BeginProcessRequest(HttpContext context, AsyncCallback callback, Object state)
   at System.Web.HttpApplication.CallHandlerExecutionStep.System.Web.HttpApplication.IExecutionStep.Execute()
   at System.Web.HttpApplication.ExecuteStep(IExecutionStep step, Boolean& completedSynchronously)

Additional Info:

MachineName : PC-LAMB-J
TimeStamp : 4/27/2015 4:14:27 PM
FullName : Telerik.Sitefinity.Utilities, Version=8.0.5700.0, Culture=neutral, PublicKeyToken=b28c218413bdf563
AppDomainName : a5e44346-4-130743789094766622
ThreadIdentity : admin
WindowsIdentity : MCMASTER\lambjc
Requested URL : http://localhost:12072/RIVET/Sitefinity/Template/small-device.css


Category: ErrorLog

Priority: 0

EventId: 90000

Severity: Error

Title:Enterprise Library Exception Handling

Machine: PC-LAMB-J

App Domain: a5e44346-4-130743789094766622

ProcessId: 3788

Process Name: C:\Program Files (x86)\Telerik\Sitefinity\Sitefinity.exe

Thread Name: 

Win32 ThreadId:17140

Extended Properties: 
----------------------------------------
----------------------------------------
Timestamp: 4/27/2015 4:14:35 PM

Message: HandlingInstanceID: ccab45d2-4915-4771-858f-d2608e4641f9
An exception of type 'System.Web.HttpException' occurred and was caught.
------------------------------------------------------------------------
04/27/2015 12:14:35
Type : System.Web.HttpException, System.Web, Version=4.0.0.0, Culture=neutral, PublicKeyToken=b03f5f7f11d50a3a
Message : File does not exist.
Source : System.Web
Help link : 
WebEventCode : 0
ErrorCode : -2147467259
Data : System.Collections.ListDictionaryInternal
TargetSite : Boolean ProcessRequestForNonMapPathBasedVirtualFile(System.Web.HttpRequest, System.Web.HttpResponse, System.String)
HResult : -2147467259
Stack Trace :    at System.Web.StaticFileHandler.ProcessRequestForNonMapPathBasedVirtualFile(HttpRequest request, HttpResponse response, String overrideVirtualPath)
   at System.Web.StaticFileHandler.ProcessRequestInternal(HttpContext context, String overrideVirtualPath)
   at System.Web.DefaultHttpHandler.BeginProcessRequest(HttpContext context, AsyncCallback callback, Object state)
   at System.Web.HttpApplication.CallHandlerExecutionStep.System.Web.HttpApplication.IExecutionStep.Execute()
   at System.Web.HttpApplication.ExecuteStep(IExecutionStep step, Boolean& completedSynchronously)

Additional Info:

MachineName : PC-LAMB-J
TimeStamp : 4/27/2015 4:14:35 PM
FullName : Telerik.Sitefinity.Utilities, Version=8.0.5700.0, Culture=neutral, PublicKeyToken=b28c218413bdf563
AppDomainName : a5e44346-4-130743789094766622
ThreadIdentity : admin
WindowsIdentity : MCMASTER\lambjc
Requested URL : http://localhost:12072/RIVET/Sitefinity/Template/small-device.css


Category: ErrorLog

Priority: 0

EventId: 90000

Severity: Error

Title:Enterprise Library Exception Handling

Machine: PC-LAMB-J

App Domain: a5e44346-4-130743789094766622

ProcessId: 3788

Process Name: C:\Program Files (x86)\Telerik\Sitefinity\Sitefinity.exe

Thread Name: 

Win32 ThreadId:12428

Extended Properties: 
----------------------------------------
----------------------------------------
Timestamp: 4/27/2015 4:17:03 PM

Message: HandlingInstanceID: 35641d0e-850a-4aa9-aab2-6ea174638ea0
An exception of type 'System.Web.HttpException' occurred and was caught.
------------------------------------------------------------------------
04/27/2015 12:17:03
Type : System.Web.HttpException, System.Web, Version=4.0.0.0, Culture=neutral, PublicKeyToken=b03f5f7f11d50a3a
Message : File not found
Source : Telerik.Sitefinity
Help link : 
WebEventCode : 0
ErrorCode : -2147467259
Data : System.Collections.ListDictionaryInternal
TargetSite : Void ProcessRequest(System.Web.HttpContext)
HResult : -2147467259
Stack Trace :    at Telerik.Sitefinity.Web.WebsiteTemplatesHttpHandler.ProcessRequest(HttpContext context)
   at System.Web.HttpApplication.CallHandlerExecutionStep.System.Web.HttpApplication.IExecutionStep.Execute()
   at System.Web.HttpApplication.ExecuteStep(IExecutionStep step, Boolean& completedSynchronously)

Additional Info:

MachineName : PC-LAMB-J
TimeStamp : 4/27/2015 4:17:03 PM
FullName : Telerik.Sitefinity.Utilities, Version=8.0.5700.0, Culture=neutral, PublicKeyToken=b28c218413bdf563
AppDomainName : a5e44346-4-130743789094766622
ThreadIdentity : admin
WindowsIdentity : MCMASTER\lambjc
Requested URL : http://localhost:12072/RIVET/Sitefinity/WebsiteTemplates/RIVET/App_Themes/McMaster_Branded/global/media-queries-phone.jpg


Category: ErrorLog

Priority: 0

EventId: 90000

Severity: Error

Title:Enterprise Library Exception Handling

Machine: PC-LAMB-J

App Domain: a5e44346-4-130743789094766622

ProcessId: 3788

Process Name: C:\Program Files (x86)\Telerik\Sitefinity\Sitefinity.exe

Thread Name: 

Win32 ThreadId:18548

Extended Properties: 
----------------------------------------
----------------------------------------
Timestamp: 4/27/2015 4:18:56 PM

Message: HandlingInstanceID: 779c2068-abac-4221-8792-74d246c2468f
An exception of type 'System.Web.HttpException' occurred and was caught.
------------------------------------------------------------------------
04/27/2015 12:18:56
Type : System.Web.HttpException, System.Web, Version=4.0.0.0, Culture=neutral, PublicKeyToken=b03f5f7f11d50a3a
Message : File not found
Source : Telerik.Sitefinity
Help link : 
WebEventCode : 0
ErrorCode : -2147467259
Data : System.Collections.ListDictionaryInternal
TargetSite : Void ProcessRequest(System.Web.HttpContext)
HResult : -2147467259
Stack Trace :    at Telerik.Sitefinity.Web.WebsiteTemplatesHttpHandler.ProcessRequest(HttpContext context)
   at System.Web.HttpApplication.CallHandlerExecutionStep.System.Web.HttpApplication.IExecutionStep.Execute()
   at System.Web.HttpApplication.ExecuteStep(IExecutionStep step, Boolean& completedSynchronously)

Additional Info:

MachineName : PC-LAMB-J
TimeStamp : 4/27/2015 4:18:56 PM
FullName : Telerik.Sitefinity.Utilities, Version=8.0.5700.0, Culture=neutral, PublicKeyToken=b28c218413bdf563
AppDomainName : a5e44346-4-130743789094766622
ThreadIdentity : admin
WindowsIdentity : MCMASTER\lambjc
Requested URL : http://localhost:12072/RIVET/Sitefinity/WebsiteTemplates/RIVET/App_Themes/McMaster_Branded/global/media-queries-phone.jpg


Category: ErrorLog

Priority: 0

EventId: 90000

Severity: Error

Title:Enterprise Library Exception Handling

Machine: PC-LAMB-J

App Domain: a5e44346-4-130743789094766622

ProcessId: 3788

Process Name: C:\Program Files (x86)\Telerik\Sitefinity\Sitefinity.exe

Thread Name: 

Win32 ThreadId:16984

Extended Properties: 
----------------------------------------
----------------------------------------
Timestamp: 4/28/2015 2:02:12 PM

Message: HandlingInstanceID: 0bd7b830-1bc1-4f2e-b496-138ee2bbc791
An exception of type 'Telerik.OpenAccess.Exceptions.DataStoreException' occurred and was caught.
------------------------------------------------------------------------------------------------
04/28/2015 10:02:12
Type : Telerik.OpenAccess.Exceptions.DataStoreException, Telerik.OpenAccess, Version=2015.1.225.1, Culture=neutral, PublicKeyToken=7ce17eeaf1d59342
Message : Batch insert failed: Telerik.OpenAccess.RT.sql.SQLException: String or binary data would be truncated.
The statement has been terminated. ---> System.Data.SqlClient.SqlException: String or binary data would be truncated.
The statement has been terminated.
   at System.Data.Common.DbDataAdapter.UpdatedRowStatusErrors(RowUpdatedEventArgs rowUpdatedEvent, BatchCommandInfo[] batchCommands, Int32 commandCount)
   at System.Data.Common.DbDataAdapter.UpdatedRowStatus(RowUpdatedEventArgs rowUpdatedEvent, BatchCommandInfo[] batchCommands, Int32 commandCount)
   at System.Data.Common.DbDataAdapter.Update(DataRow[] dataRows, DataTableMapping tableMapping)
   at System.Data.Common.DbDataAdapter.Update(DataRow[] dataRows)
   at OpenAccessRuntime.Intellitrace.Update(String id, DbDataAdapter adapter, DataRow[] rows)
   at Telerik.OpenAccess.RT.sql.Batch.Perform(String connId, DbDataAdapter adapter, DataRow[] rows)
   at Telerik.OpenAccess.Runtime.Logging.LoggingDbCommand.ExecuteBatch(DbDataAdapter adapter, DataRow[] rows, Batch batch)
   at Telerik.OpenAccess.RT.Adonet2Generic.Impl.StatementImp.Execute(DbDataAdapter adapter, DataRow[] rows, Batch batch)
   --- End of inner exception stack trace ---
   at Telerik.OpenAccess.RT.Adonet2Generic.Impl.StatementImp.Execute(DbDataAdapter adapter, DataRow[] rows, Batch batch)
   at Telerik.OpenAccess.RT.sql.Batch.ExecuteBatchDataTable(Boolean withInfo)
INSERT INTO [sf_rdsgn_media_query_rule] ([id], [application_name], [aspect_ratio], [description], [device_type_name], [exact_height], [exact_width], [height_type], [is_grid], [is_manual_media_query], [is_monochrome], [last_modified], [max_height], [max_width], [min_height], [min_width], [orientation], [parent_media_query_id], [resolution], [resulting_rule], [width_type], [voa_version]) VALUES (@p0, @p1, @p2, @p3, @p4, @p5, @p6, @p7, @p8, @p9, @p10, @p11, @p12, @p13, @p14, @p15, @p16, @p17, @p18, @p19, @p20, @p21)
Batch Entry 2 (set event logging to all to see parameter data) Telerik.OpenAccess.RT.sql.SQLException: String or binary data would be truncated.
The statement has been terminated. ---> System.Data.SqlClient.SqlException: String or binary data would be truncated.
The statement has been terminated.
   at System.Data.Common.DbDataAdapter.UpdatedRowStatusErrors(RowUpdatedEventArgs rowUpdatedEvent, BatchCommandInfo[] batchCommands, Int32 commandCount)
   at System.Data.Common.DbDataAdapter.UpdatedRowStatus(RowUpdatedEventArgs rowUpdatedEvent, BatchCommandInfo[] batchCommands, Int32 commandCount)
   at System.Data.Common.DbDataAdapter.Update(DataRow[] dataRows, DataTableMapping tableMapping)
   at System.Data.Common.DbDataAdapter.Update(DataRow[] dataRows)
   at OpenAccessRuntime.Intellitrace.Update(String id, DbDataAdapter adapter, DataRow[] rows)
   at Telerik.OpenAccess.RT.sql.Batch.Perform(String connId, DbDataAdapter adapter, DataRow[] rows)
   at Telerik.OpenAccess.Runtime.Logging.LoggingDbCommand.ExecuteBatch(DbDataAdapter adapter, DataRow[] rows, Batch batch)
   at Telerik.OpenAccess.RT.Adonet2Generic.Impl.StatementImp.Execute(DbDataAdapter adapter, DataRow[] rows, Batch batch)
   --- End of inner exception stack trace ---
   at Telerik.OpenAccess.RT.Adonet2Generic.Impl.StatementImp.Execute(DbDataAdapter adapter, DataRow[] rows, Batch batch)
   at Telerik.OpenAccess.RT.sql.Batch.ExecuteBatchDataTable(Boolean withInfo)
Source : Unity_ILEmit_DynamicClasses
Help link : 
InnerExceptions : System.Exception[]
FailedObject : 
BackendError : Telerik.OpenAccess.RT.sql.SQLException: String or binary data would be truncated.
The statement has been terminated. ---> System.Data.SqlClient.SqlException: String or binary data would be truncated.
The statement has been terminated.
   at System.Data.Common.DbDataAdapter.UpdatedRowStatusErrors(RowUpdatedEventArgs rowUpdatedEvent, BatchCommandInfo[] batchCommands, Int32 commandCount)
   at System.Data.Common.DbDataAdapter.UpdatedRowStatus(RowUpdatedEventArgs rowUpdatedEvent, BatchCommandInfo[] batchCommands, Int32 commandCount)
   at System.Data.Common.DbDataAdapter.Update(DataRow[] dataRows, DataTableMapping tableMapping)
   at System.Data.Common.DbDataAdapter.Update(DataRow[] dataRows)
   at OpenAccessRuntime.Intellitrace.Update(String id, DbDataAdapter adapter, DataRow[] rows)
   at Telerik.OpenAccess.RT.sql.Batch.Perform(String connId, DbDataAdapter adapter, DataRow[] rows)
   at Telerik.OpenAccess.Runtime.Logging.LoggingDbCommand.ExecuteBatch(DbDataAdapter adapter, DataRow[] rows, Batch batch)
   at Telerik.OpenAccess.RT.Adonet2Generic.Impl.StatementImp.Execute(DbDataAdapter adapter, DataRow[] rows, Batch batch)
   --- End of inner exception stack trace ---
   at Telerik.OpenAccess.RT.Adonet2Generic.Impl.StatementImp.Execute(DbDataAdapter adapter, DataRow[] rows, Batch batch)
   at Telerik.OpenAccess.RT.sql.Batch.ExecuteBatchDataTable(Boolean withInfo)
Reason : Runtime
CanRetry : False
Data : System.Collections.ListDictionaryInternal
TargetSite : Void CommitTransaction()
HResult : -2146233088
Stack Trace :    at DynamicModule.ns.Wrapped_OpenAccessResponsiveDesignProvider_ba441cf72ed24ea4ad788f2094fee3dc.CommitTransaction()
   at Telerik.Sitefinity.Data.ManagerBase`1.SaveChanges(String eventOrigin)
   at Telerik.Sitefinity.Modules.ResponsiveDesign.ResponsiveDesignManager.SaveChanges()
   at Telerik.Sitefinity.Modules.ResponsiveDesign.Web.Services.MediaQueryService.SaveMediaQueryInternal(String mediaQueryId, ItemContext`1 mediaQuery, String provider, String itemType)
   at SyncInvokeSaveMediaQuery(Object , Object[] , Object[] )
   at System.ServiceModel.Dispatcher.SyncMethodInvoker.Invoke(Object instance, Object[] inputs, Object[]& outputs)
   at System.ServiceModel.Dispatcher.DispatchOperationRuntime.InvokeBegin(MessageRpc& rpc)
   at System.ServiceModel.Dispatcher.ImmutableDispatchRuntime.ProcessMessage5(MessageRpc& rpc)
   at System.ServiceModel.Dispatcher.ImmutableDispatchRuntime.ProcessMessage31(MessageRpc& rpc)
   at System.ServiceModel.Dispatcher.MessageRpc.Process(Boolean isOperationContextSet)

Additional Info:

MachineName : PC-LAMB-J
TimeStamp : 4/28/2015 2:02:12 PM
FullName : Telerik.Sitefinity.Utilities, Version=8.0.5700.0, Culture=neutral, PublicKeyToken=b28c218413bdf563
AppDomainName : a5e44346-4-130743789094766622
ThreadIdentity : 
WindowsIdentity : MCMASTER\lambjc
Requested URL : http://localhost:12072/RIVET/Sitefinity/Services/ResponsiveDesign/MediaQuery.svc/00000000-0000-0000-0000-000000000000/?itemType=Telerik.Sitefinity.ResponsiveDesign.Model.MediaQuery&providerName=&managerType=&provider=&workflowOperation=
	Inner Exception
	---------------
	Type : Telerik.OpenAccess.RT.sql.SQLException, Telerik.OpenAccess.Runtime, Version=2015.1.225.1, Culture=neutral, PublicKeyToken=7ce17eeaf1d59342
	Message : String or binary data would be truncated.
The statement has been terminated.
	Source : Telerik.OpenAccess.Runtime
	Help link : 
	ErrorCode : 8152
	ArrayBindIndex : -1
	Number : 8152
	ObjectId : 
	Description : String or binary data would be truncated.
The statement has been terminated.
	Data : System.Collections.ListDictionaryInternal
	TargetSite : Int32 Execute(System.Data.Common.DbDataAdapter, System.Data.DataRow[], Telerik.OpenAccess.RT.sql.Batch)
	HResult : -2146233088
	Stack Trace :    at Telerik.OpenAccess.RT.Adonet2Generic.Impl.StatementImp.Execute(DbDataAdapter adapter, DataRow[] rows, Batch batch)
	   at Telerik.OpenAccess.RT.sql.Batch.ExecuteBatchDataTable(Boolean withInfo)

		Inner Exception
		---------------
		Type : System.Data.SqlClient.SqlException, System.Data, Version=4.0.0.0, Culture=neutral, PublicKeyToken=b77a5c561934e089
		Message : String or binary data would be truncated.
The statement has been terminated.
		Source : .Net SqlClient Data Provider
		Help link : 
		Errors : System.Data.SqlClient.SqlErrorCollection
		ClientConnectionId : 56296d62-0d0f-4f07-a3f7-62f4da749c9a
		Class : 16
		LineNumber : 1
		Number : 8152
		Procedure : 
		Server : \\.\pipe\DFF61647-DFBD-4E\tsql\query
		State : 14
		ErrorCode : -2146232060
		Data : System.Collections.ListDictionaryInternal
		TargetSite : Int32 UpdatedRowStatusErrors(System.Data.Common.RowUpdatedEventArgs, BatchCommandInfo[], Int32)
		HResult : -2146232060
		Stack Trace :    at System.Data.Common.DbDataAdapter.UpdatedRowStatusErrors(RowUpdatedEventArgs rowUpdatedEvent, BatchCommandInfo[] batchCommands, Int32 commandCount)
		   at System.Data.Common.DbDataAdapter.UpdatedRowStatus(RowUpdatedEventArgs rowUpdatedEvent, BatchCommandInfo[] batchCommands, Int32 commandCount)
		   at System.Data.Common.DbDataAdapter.Update(DataRow[] dataRows, DataTableMapping tableMapping)
		   at System.Data.Common.DbDataAdapter.Update(DataRow[] dataRows)
		   at OpenAccessRuntime.Intellitrace.Update(String id, DbDataAdapter adapter, DataRow[] rows)
		   at Telerik.OpenAccess.RT.sql.Batch.Perform(String connId, DbDataAdapter adapter, DataRow[] rows)
		   at Telerik.OpenAccess.Runtime.Logging.LoggingDbCommand.ExecuteBatch(DbDataAdapter adapter, DataRow[] rows, Batch batch)
		   at Telerik.OpenAccess.RT.Adonet2Generic.Impl.StatementImp.Execute(DbDataAdapter adapter, DataRow[] rows, Batch batch)



Category: ErrorLog

Priority: 0

EventId: 90000

Severity: Error

Title:Enterprise Library Exception Handling

Machine: PC-LAMB-J

App Domain: a5e44346-4-130743789094766622

ProcessId: 3788

Process Name: C:\Program Files (x86)\Telerik\Sitefinity\Sitefinity.exe

Thread Name: 

Win32 ThreadId:14348

Extended Properties: 
----------------------------------------
----------------------------------------
Timestamp: 4/28/2015 2:02:18 PM

Message: HandlingInstanceID: 1539fbcc-795a-4979-965c-1ec3814408f9
An exception of type 'Telerik.OpenAccess.Exceptions.DataStoreException' occurred and was caught.
------------------------------------------------------------------------------------------------
04/28/2015 10:02:18
Type : Telerik.OpenAccess.Exceptions.DataStoreException, Telerik.OpenAccess, Version=2015.1.225.1, Culture=neutral, PublicKeyToken=7ce17eeaf1d59342
Message : Batch insert failed: Telerik.OpenAccess.RT.sql.SQLException: String or binary data would be truncated.
The statement has been terminated. ---> System.Data.SqlClient.SqlException: String or binary data would be truncated.
The statement has been terminated.
   at System.Data.Common.DbDataAdapter.UpdatedRowStatusErrors(RowUpdatedEventArgs rowUpdatedEvent, BatchCommandInfo[] batchCommands, Int32 commandCount)
   at System.Data.Common.DbDataAdapter.UpdatedRowStatus(RowUpdatedEventArgs rowUpdatedEvent, BatchCommandInfo[] batchCommands, Int32 commandCount)
   at System.Data.Common.DbDataAdapter.Update(DataRow[] dataRows, DataTableMapping tableMapping)
   at System.Data.Common.DbDataAdapter.Update(DataRow[] dataRows)
   at OpenAccessRuntime.Intellitrace.Update(String id, DbDataAdapter adapter, DataRow[] rows)
   at Telerik.OpenAccess.RT.sql.Batch.Perform(String connId, DbDataAdapter adapter, DataRow[] rows)
   at Telerik.OpenAccess.Runtime.Logging.LoggingDbCommand.ExecuteBatch(DbDataAdapter adapter, DataRow[] rows, Batch batch)
   at Telerik.OpenAccess.RT.Adonet2Generic.Impl.StatementImp.Execute(DbDataAdapter adapter, DataRow[] rows, Batch batch)
   --- End of inner exception stack trace ---
   at Telerik.OpenAccess.RT.Adonet2Generic.Impl.StatementImp.Execute(DbDataAdapter adapter, DataRow[] rows, Batch batch)
   at Telerik.OpenAccess.RT.sql.Batch.ExecuteBatchDataTable(Boolean withInfo)
INSERT INTO [sf_rdsgn_media_query_rule] ([id], [application_name], [aspect_ratio], [description], [device_type_name], [exact_height], [exact_width], [height_type], [is_grid], [is_manual_media_query], [is_monochrome], [last_modified], [max_height], [max_width], [min_height], [min_width], [orientation], [parent_media_query_id], [resolution], [resulting_rule], [width_type], [voa_version]) VALUES (@p0, @p1, @p2, @p3, @p4, @p5, @p6, @p7, @p8, @p9, @p10, @p11, @p12, @p13, @p14, @p15, @p16, @p17, @p18, @p19, @p20, @p21)
Batch Entry 2 (set event logging to all to see parameter data) Telerik.OpenAccess.RT.sql.SQLException: String or binary data would be truncated.
The statement has been terminated. ---> System.Data.SqlClient.SqlException: String or binary data would be truncated.
The statement has been terminated.
   at System.Data.Common.DbDataAdapter.UpdatedRowStatusErrors(RowUpdatedEventArgs rowUpdatedEvent, BatchCommandInfo[] batchCommands, Int32 commandCount)
   at System.Data.Common.DbDataAdapter.UpdatedRowStatus(RowUpdatedEventArgs rowUpdatedEvent, BatchCommandInfo[] batchCommands, Int32 commandCount)
   at System.Data.Common.DbDataAdapter.Update(DataRow[] dataRows, DataTableMapping tableMapping)
   at System.Data.Common.DbDataAdapter.Update(DataRow[] dataRows)
   at OpenAccessRuntime.Intellitrace.Update(String id, DbDataAdapter adapter, DataRow[] rows)
   at Telerik.OpenAccess.RT.sql.Batch.Perform(String connId, DbDataAdapter adapter, DataRow[] rows)
   at Telerik.OpenAccess.Runtime.Logging.LoggingDbCommand.ExecuteBatch(DbDataAdapter adapter, DataRow[] rows, Batch batch)
   at Telerik.OpenAccess.RT.Adonet2Generic.Impl.StatementImp.Execute(DbDataAdapter adapter, DataRow[] rows, Batch batch)
   --- End of inner exception stack trace ---
   at Telerik.OpenAccess.RT.Adonet2Generic.Impl.StatementImp.Execute(DbDataAdapter adapter, DataRow[] rows, Batch batch)
   at Telerik.OpenAccess.RT.sql.Batch.ExecuteBatchDataTable(Boolean withInfo)
Source : Unity_ILEmit_DynamicClasses
Help link : 
InnerExceptions : System.Exception[]
FailedObject : 
BackendError : Telerik.OpenAccess.RT.sql.SQLException: String or binary data would be truncated.
The statement has been terminated. ---> System.Data.SqlClient.SqlException: String or binary data would be truncated.
The statement has been terminated.
   at System.Data.Common.DbDataAdapter.UpdatedRowStatusErrors(RowUpdatedEventArgs rowUpdatedEvent, BatchCommandInfo[] batchCommands, Int32 commandCount)
   at System.Data.Common.DbDataAdapter.UpdatedRowStatus(RowUpdatedEventArgs rowUpdatedEvent, BatchCommandInfo[] batchCommands, Int32 commandCount)
   at System.Data.Common.DbDataAdapter.Update(DataRow[] dataRows, DataTableMapping tableMapping)
   at System.Data.Common.DbDataAdapter.Update(DataRow[] dataRows)
   at OpenAccessRuntime.Intellitrace.Update(String id, DbDataAdapter adapter, DataRow[] rows)
   at Telerik.OpenAccess.RT.sql.Batch.Perform(String connId, DbDataAdapter adapter, DataRow[] rows)
   at Telerik.OpenAccess.Runtime.Logging.LoggingDbCommand.ExecuteBatch(DbDataAdapter adapter, DataRow[] rows, Batch batch)
   at Telerik.OpenAccess.RT.Adonet2Generic.Impl.StatementImp.Execute(DbDataAdapter adapter, DataRow[] rows, Batch batch)
   --- End of inner exception stack trace ---
   at Telerik.OpenAccess.RT.Adonet2Generic.Impl.StatementImp.Execute(DbDataAdapter adapter, DataRow[] rows, Batch batch)
   at Telerik.OpenAccess.RT.sql.Batch.ExecuteBatchDataTable(Boolean withInfo)
Reason : Runtime
CanRetry : False
Data : System.Collections.ListDictionaryInternal
TargetSite : Void CommitTransaction()
HResult : -2146233088
Stack Trace :    at DynamicModule.ns.Wrapped_OpenAccessResponsiveDesignProvider_ba441cf72ed24ea4ad788f2094fee3dc.CommitTransaction()
   at Telerik.Sitefinity.Data.ManagerBase`1.SaveChanges(String eventOrigin)
   at Telerik.Sitefinity.Modules.ResponsiveDesign.ResponsiveDesignManager.SaveChanges()
   at Telerik.Sitefinity.Modules.ResponsiveDesign.Web.Services.MediaQueryService.SaveMediaQueryInternal(String mediaQueryId, ItemContext`1 mediaQuery, String provider, String itemType)
   at SyncInvokeSaveMediaQuery(Object , Object[] , Object[] )
   at System.ServiceModel.Dispatcher.SyncMethodInvoker.Invoke(Object instance, Object[] inputs, Object[]& outputs)
   at System.ServiceModel.Dispatcher.DispatchOperationRuntime.InvokeBegin(MessageRpc& rpc)
   at System.ServiceModel.Dispatcher.ImmutableDispatchRuntime.ProcessMessage5(MessageRpc& rpc)
   at System.ServiceModel.Dispatcher.ImmutableDispatchRuntime.ProcessMessage31(MessageRpc& rpc)
   at System.ServiceModel.Dispatcher.MessageRpc.Process(Boolean isOperationContextSet)

Additional Info:

MachineName : PC-LAMB-J
TimeStamp : 4/28/2015 2:02:18 PM
FullName : Telerik.Sitefinity.Utilities, Version=8.0.5700.0, Culture=neutral, PublicKeyToken=b28c218413bdf563
AppDomainName : a5e44346-4-130743789094766622
ThreadIdentity : 
WindowsIdentity : MCMASTER\lambjc
Requested URL : http://localhost:12072/RIVET/Sitefinity/Services/ResponsiveDesign/MediaQuery.svc/00000000-0000-0000-0000-000000000000/?itemType=Telerik.Sitefinity.ResponsiveDesign.Model.MediaQuery&providerName=&managerType=&provider=&workflowOperation=
	Inner Exception
	---------------
	Type : Telerik.OpenAccess.RT.sql.SQLException, Telerik.OpenAccess.Runtime, Version=2015.1.225.1, Culture=neutral, PublicKeyToken=7ce17eeaf1d59342
	Message : String or binary data would be truncated.
The statement has been terminated.
	Source : Telerik.OpenAccess.Runtime
	Help link : 
	ErrorCode : 8152
	ArrayBindIndex : -1
	Number : 8152
	ObjectId : 
	Description : String or binary data would be truncated.
The statement has been terminated.
	Data : System.Collections.ListDictionaryInternal
	TargetSite : Int32 Execute(System.Data.Common.DbDataAdapter, System.Data.DataRow[], Telerik.OpenAccess.RT.sql.Batch)
	HResult : -2146233088
	Stack Trace :    at Telerik.OpenAccess.RT.Adonet2Generic.Impl.StatementImp.Execute(DbDataAdapter adapter, DataRow[] rows, Batch batch)
	   at Telerik.OpenAccess.RT.sql.Batch.ExecuteBatchDataTable(Boolean withInfo)

		Inner Exception
		---------------
		Type : System.Data.SqlClient.SqlException, System.Data, Version=4.0.0.0, Culture=neutral, PublicKeyToken=b77a5c561934e089
		Message : String or binary data would be truncated.
The statement has been terminated.
		Source : .Net SqlClient Data Provider
		Help link : 
		Errors : System.Data.SqlClient.SqlErrorCollection
		ClientConnectionId : fc717d65-f9cd-43a1-81f5-de10d060353a
		Class : 16
		LineNumber : 1
		Number : 8152
		Procedure : 
		Server : \\.\pipe\DFF61647-DFBD-4E\tsql\query
		State : 14
		ErrorCode : -2146232060
		Data : System.Collections.ListDictionaryInternal
		TargetSite : Int32 UpdatedRowStatusErrors(System.Data.Common.RowUpdatedEventArgs, BatchCommandInfo[], Int32)
		HResult : -2146232060
		Stack Trace :    at System.Data.Common.DbDataAdapter.UpdatedRowStatusErrors(RowUpdatedEventArgs rowUpdatedEvent, BatchCommandInfo[] batchCommands, Int32 commandCount)
		   at System.Data.Common.DbDataAdapter.UpdatedRowStatus(RowUpdatedEventArgs rowUpdatedEvent, BatchCommandInfo[] batchCommands, Int32 commandCount)
		   at System.Data.Common.DbDataAdapter.Update(DataRow[] dataRows, DataTableMapping tableMapping)
		   at System.Data.Common.DbDataAdapter.Update(DataRow[] dataRows)
		   at OpenAccessRuntime.Intellitrace.Update(String id, DbDataAdapter adapter, DataRow[] rows)
		   at Telerik.OpenAccess.RT.sql.Batch.Perform(String connId, DbDataAdapter adapter, DataRow[] rows)
		   at Telerik.OpenAccess.Runtime.Logging.LoggingDbCommand.ExecuteBatch(DbDataAdapter adapter, DataRow[] rows, Batch batch)
		   at Telerik.OpenAccess.RT.Adonet2Generic.Impl.StatementImp.Execute(DbDataAdapter adapter, DataRow[] rows, Batch batch)



Category: ErrorLog

Priority: 0

EventId: 90000

Severity: Error

Title:Enterprise Library Exception Handling

Machine: PC-LAMB-J

App Domain: a5e44346-4-130743789094766622

ProcessId: 3788

Process Name: C:\Program Files (x86)\Telerik\Sitefinity\Sitefinity.exe

Thread Name: 

Win32 ThreadId:10428

Extended Properties: 
----------------------------------------
----------------------------------------
Timestamp: 4/28/2015 2:02:29 PM

Message: HandlingInstanceID: 963f1763-3918-460b-8a3a-ef88644076d1
An exception of type 'Telerik.OpenAccess.Exceptions.DataStoreException' occurred and was caught.
------------------------------------------------------------------------------------------------
04/28/2015 10:02:29
Type : Telerik.OpenAccess.Exceptions.DataStoreException, Telerik.OpenAccess, Version=2015.1.225.1, Culture=neutral, PublicKeyToken=7ce17eeaf1d59342
Message : Batch insert failed: Telerik.OpenAccess.RT.sql.SQLException: String or binary data would be truncated.
The statement has been terminated. ---> System.Data.SqlClient.SqlException: String or binary data would be truncated.
The statement has been terminated.
   at System.Data.Common.DbDataAdapter.UpdatedRowStatusErrors(RowUpdatedEventArgs rowUpdatedEvent, BatchCommandInfo[] batchCommands, Int32 commandCount)
   at System.Data.Common.DbDataAdapter.UpdatedRowStatus(RowUpdatedEventArgs rowUpdatedEvent, BatchCommandInfo[] batchCommands, Int32 commandCount)
   at System.Data.Common.DbDataAdapter.Update(DataRow[] dataRows, DataTableMapping tableMapping)
   at System.Data.Common.DbDataAdapter.Update(DataRow[] dataRows)
   at OpenAccessRuntime.Intellitrace.Update(String id, DbDataAdapter adapter, DataRow[] rows)
   at Telerik.OpenAccess.RT.sql.Batch.Perform(String connId, DbDataAdapter adapter, DataRow[] rows)
   at Telerik.OpenAccess.Runtime.Logging.LoggingDbCommand.ExecuteBatch(DbDataAdapter adapter, DataRow[] rows, Batch batch)
   at Telerik.OpenAccess.RT.Adonet2Generic.Impl.StatementImp.Execute(DbDataAdapter adapter, DataRow[] rows, Batch batch)
   --- End of inner exception stack trace ---
   at Telerik.OpenAccess.RT.Adonet2Generic.Impl.StatementImp.Execute(DbDataAdapter adapter, DataRow[] rows, Batch batch)
   at Telerik.OpenAccess.RT.sql.Batch.ExecuteBatchDataTable(Boolean withInfo)
INSERT INTO [sf_rdsgn_media_query_rule] ([id], [application_name], [aspect_ratio], [description], [device_type_name], [exact_height], [exact_width], [height_type], [is_grid], [is_manual_media_query], [is_monochrome], [last_modified], [max_height], [max_width], [min_height], [min_width], [orientation], [parent_media_query_id], [resolution], [resulting_rule], [width_type], [voa_version]) VALUES (@p0, @p1, @p2, @p3, @p4, @p5, @p6, @p7, @p8, @p9, @p10, @p11, @p12, @p13, @p14, @p15, @p16, @p17, @p18, @p19, @p20, @p21)
Batch Entry 2 (set event logging to all to see parameter data) Telerik.OpenAccess.RT.sql.SQLException: String or binary data would be truncated.
The statement has been terminated. ---> System.Data.SqlClient.SqlException: String or binary data would be truncated.
The statement has been terminated.
   at System.Data.Common.DbDataAdapter.UpdatedRowStatusErrors(RowUpdatedEventArgs rowUpdatedEvent, BatchCommandInfo[] batchCommands, Int32 commandCount)
   at System.Data.Common.DbDataAdapter.UpdatedRowStatus(RowUpdatedEventArgs rowUpdatedEvent, BatchCommandInfo[] batchCommands, Int32 commandCount)
   at System.Data.Common.DbDataAdapter.Update(DataRow[] dataRows, DataTableMapping tableMapping)
   at System.Data.Common.DbDataAdapter.Update(DataRow[] dataRows)
   at OpenAccessRuntime.Intellitrace.Update(String id, DbDataAdapter adapter, DataRow[] rows)
   at Telerik.OpenAccess.RT.sql.Batch.Perform(String connId, DbDataAdapter adapter, DataRow[] rows)
   at Telerik.OpenAccess.Runtime.Logging.LoggingDbCommand.ExecuteBatch(DbDataAdapter adapter, DataRow[] rows, Batch batch)
   at Telerik.OpenAccess.RT.Adonet2Generic.Impl.StatementImp.Execute(DbDataAdapter adapter, DataRow[] rows, Batch batch)
   --- End of inner exception stack trace ---
   at Telerik.OpenAccess.RT.Adonet2Generic.Impl.StatementImp.Execute(DbDataAdapter adapter, DataRow[] rows, Batch batch)
   at Telerik.OpenAccess.RT.sql.Batch.ExecuteBatchDataTable(Boolean withInfo)
Source : Unity_ILEmit_DynamicClasses
Help link : 
InnerExceptions : System.Exception[]
FailedObject : 
BackendError : Telerik.OpenAccess.RT.sql.SQLException: String or binary data would be truncated.
The statement has been terminated. ---> System.Data.SqlClient.SqlException: String or binary data would be truncated.
The statement has been terminated.
   at System.Data.Common.DbDataAdapter.UpdatedRowStatusErrors(RowUpdatedEventArgs rowUpdatedEvent, BatchCommandInfo[] batchCommands, Int32 commandCount)
   at System.Data.Common.DbDataAdapter.UpdatedRowStatus(RowUpdatedEventArgs rowUpdatedEvent, BatchCommandInfo[] batchCommands, Int32 commandCount)
   at System.Data.Common.DbDataAdapter.Update(DataRow[] dataRows, DataTableMapping tableMapping)
   at System.Data.Common.DbDataAdapter.Update(DataRow[] dataRows)
   at OpenAccessRuntime.Intellitrace.Update(String id, DbDataAdapter adapter, DataRow[] rows)
   at Telerik.OpenAccess.RT.sql.Batch.Perform(String connId, DbDataAdapter adapter, DataRow[] rows)
   at Telerik.OpenAccess.Runtime.Logging.LoggingDbCommand.ExecuteBatch(DbDataAdapter adapter, DataRow[] rows, Batch batch)
   at Telerik.OpenAccess.RT.Adonet2Generic.Impl.StatementImp.Execute(DbDataAdapter adapter, DataRow[] rows, Batch batch)
   --- End of inner exception stack trace ---
   at Telerik.OpenAccess.RT.Adonet2Generic.Impl.StatementImp.Execute(DbDataAdapter adapter, DataRow[] rows, Batch batch)
   at Telerik.OpenAccess.RT.sql.Batch.ExecuteBatchDataTable(Boolean withInfo)
Reason : Runtime
CanRetry : False
Data : System.Collections.ListDictionaryInternal
TargetSite : Void CommitTransaction()
HResult : -2146233088
Stack Trace :    at DynamicModule.ns.Wrapped_OpenAccessResponsiveDesignProvider_ba441cf72ed24ea4ad788f2094fee3dc.CommitTransaction()
   at Telerik.Sitefinity.Data.ManagerBase`1.SaveChanges(String eventOrigin)
   at Telerik.Sitefinity.Modules.ResponsiveDesign.ResponsiveDesignManager.SaveChanges()
   at Telerik.Sitefinity.Modules.ResponsiveDesign.Web.Services.MediaQueryService.SaveMediaQueryInternal(String mediaQueryId, ItemContext`1 mediaQuery, String provider, String itemType)
   at SyncInvokeSaveMediaQuery(Object , Object[] , Object[] )
   at System.ServiceModel.Dispatcher.SyncMethodInvoker.Invoke(Object instance, Object[] inputs, Object[]& outputs)
   at System.ServiceModel.Dispatcher.DispatchOperationRuntime.InvokeBegin(MessageRpc& rpc)
   at System.ServiceModel.Dispatcher.ImmutableDispatchRuntime.ProcessMessage5(MessageRpc& rpc)
   at System.ServiceModel.Dispatcher.ImmutableDispatchRuntime.ProcessMessage31(MessageRpc& rpc)
   at System.ServiceModel.Dispatcher.MessageRpc.Process(Boolean isOperationContextSet)

Additional Info:

MachineName : PC-LAMB-J
TimeStamp : 4/28/2015 2:02:29 PM
FullName : Telerik.Sitefinity.Utilities, Version=8.0.5700.0, Culture=neutral, PublicKeyToken=b28c218413bdf563
AppDomainName : a5e44346-4-130743789094766622
ThreadIdentity : 
WindowsIdentity : MCMASTER\lambjc
Requested URL : http://localhost:12072/RIVET/Sitefinity/Services/ResponsiveDesign/MediaQuery.svc/00000000-0000-0000-0000-000000000000/?itemType=Telerik.Sitefinity.ResponsiveDesign.Model.MediaQuery&providerName=&managerType=&provider=&workflowOperation=
	Inner Exception
	---------------
	Type : Telerik.OpenAccess.RT.sql.SQLException, Telerik.OpenAccess.Runtime, Version=2015.1.225.1, Culture=neutral, PublicKeyToken=7ce17eeaf1d59342
	Message : String or binary data would be truncated.
The statement has been terminated.
	Source : Telerik.OpenAccess.Runtime
	Help link : 
	ErrorCode : 8152
	ArrayBindIndex : -1
	Number : 8152
	ObjectId : 
	Description : String or binary data would be truncated.
The statement has been terminated.
	Data : System.Collections.ListDictionaryInternal
	TargetSite : Int32 Execute(System.Data.Common.DbDataAdapter, System.Data.DataRow[], Telerik.OpenAccess.RT.sql.Batch)
	HResult : -2146233088
	Stack Trace :    at Telerik.OpenAccess.RT.Adonet2Generic.Impl.StatementImp.Execute(DbDataAdapter adapter, DataRow[] rows, Batch batch)
	   at Telerik.OpenAccess.RT.sql.Batch.ExecuteBatchDataTable(Boolean withInfo)

		Inner Exception
		---------------
		Type : System.Data.SqlClient.SqlException, System.Data, Version=4.0.0.0, Culture=neutral, PublicKeyToken=b77a5c561934e089
		Message : String or binary data would be truncated.
The statement has been terminated.
		Source : .Net SqlClient Data Provider
		Help link : 
		Errors : System.Data.SqlClient.SqlErrorCollection
		ClientConnectionId : d66207d0-4097-467e-a556-2d09b5c7c5e5
		Class : 16
		LineNumber : 1
		Number : 8152
		Procedure : 
		Server : \\.\pipe\DFF61647-DFBD-4E\tsql\query
		State : 14
		ErrorCode : -2146232060
		Data : System.Collections.ListDictionaryInternal
		TargetSite : Int32 UpdatedRowStatusErrors(System.Data.Common.RowUpdatedEventArgs, BatchCommandInfo[], Int32)
		HResult : -2146232060
		Stack Trace :    at System.Data.Common.DbDataAdapter.UpdatedRowStatusErrors(RowUpdatedEventArgs rowUpdatedEvent, BatchCommandInfo[] batchCommands, Int32 commandCount)
		   at System.Data.Common.DbDataAdapter.UpdatedRowStatus(RowUpdatedEventArgs rowUpdatedEvent, BatchCommandInfo[] batchCommands, Int32 commandCount)
		   at System.Data.Common.DbDataAdapter.Update(DataRow[] dataRows, DataTableMapping tableMapping)
		   at System.Data.Common.DbDataAdapter.Update(DataRow[] dataRows)
		   at OpenAccessRuntime.Intellitrace.Update(String id, DbDataAdapter adapter, DataRow[] rows)
		   at Telerik.OpenAccess.RT.sql.Batch.Perform(String connId, DbDataAdapter adapter, DataRow[] rows)
		   at Telerik.OpenAccess.Runtime.Logging.LoggingDbCommand.ExecuteBatch(DbDataAdapter adapter, DataRow[] rows, Batch batch)
		   at Telerik.OpenAccess.RT.Adonet2Generic.Impl.StatementImp.Execute(DbDataAdapter adapter, DataRow[] rows, Batch batch)



Category: ErrorLog

Priority: 0

EventId: 90000

Severity: Error

Title:Enterprise Library Exception Handling

Machine: PC-LAMB-J

App Domain: a5e44346-4-130743789094766622

ProcessId: 3788

Process Name: C:\Program Files (x86)\Telerik\Sitefinity\Sitefinity.exe

Thread Name: 

Win32 ThreadId:12732

Extended Properties: 
----------------------------------------
----------------------------------------
Timestamp: 4/28/2015 2:02:55 PM

Message: HandlingInstanceID: 36d59779-773c-4137-abd1-ce03209c7fd3
An exception of type 'Telerik.OpenAccess.Exceptions.DataStoreException' occurred and was caught.
------------------------------------------------------------------------------------------------
04/28/2015 10:02:55
Type : Telerik.OpenAccess.Exceptions.DataStoreException, Telerik.OpenAccess, Version=2015.1.225.1, Culture=neutral, PublicKeyToken=7ce17eeaf1d59342
Message : Batch insert failed: Telerik.OpenAccess.RT.sql.SQLException: String or binary data would be truncated.
The statement has been terminated. ---> System.Data.SqlClient.SqlException: String or binary data would be truncated.
The statement has been terminated.
   at System.Data.Common.DbDataAdapter.UpdatedRowStatusErrors(RowUpdatedEventArgs rowUpdatedEvent, BatchCommandInfo[] batchCommands, Int32 commandCount)
   at System.Data.Common.DbDataAdapter.UpdatedRowStatus(RowUpdatedEventArgs rowUpdatedEvent, BatchCommandInfo[] batchCommands, Int32 commandCount)
   at System.Data.Common.DbDataAdapter.Update(DataRow[] dataRows, DataTableMapping tableMapping)
   at System.Data.Common.DbDataAdapter.Update(DataRow[] dataRows)
   at OpenAccessRuntime.Intellitrace.Update(String id, DbDataAdapter adapter, DataRow[] rows)
   at Telerik.OpenAccess.RT.sql.Batch.Perform(String connId, DbDataAdapter adapter, DataRow[] rows)
   at Telerik.OpenAccess.Runtime.Logging.LoggingDbCommand.ExecuteBatch(DbDataAdapter adapter, DataRow[] rows, Batch batch)
   at Telerik.OpenAccess.RT.Adonet2Generic.Impl.StatementImp.Execute(DbDataAdapter adapter, DataRow[] rows, Batch batch)
   --- End of inner exception stack trace ---
   at Telerik.OpenAccess.RT.Adonet2Generic.Impl.StatementImp.Execute(DbDataAdapter adapter, DataRow[] rows, Batch batch)
   at Telerik.OpenAccess.RT.sql.Batch.ExecuteBatchDataTable(Boolean withInfo)
INSERT INTO [sf_rdsgn_media_query_rule] ([id], [application_name], [aspect_ratio], [description], [device_type_name], [exact_height], [exact_width], [height_type], [is_grid], [is_manual_media_query], [is_monochrome], [last_modified], [max_height], [max_width], [min_height], [min_width], [orientation], [parent_media_query_id], [resolution], [resulting_rule], [width_type], [voa_version]) VALUES (@p0, @p1, @p2, @p3, @p4, @p5, @p6, @p7, @p8, @p9, @p10, @p11, @p12, @p13, @p14, @p15, @p16, @p17, @p18, @p19, @p20, @p21)
Batch Entry 0 (set event logging to all to see parameter data) Telerik.OpenAccess.RT.sql.SQLException: String or binary data would be truncated.
The statement has been terminated. ---> System.Data.SqlClient.SqlException: String or binary data would be truncated.
The statement has been terminated.
   at System.Data.Common.DbDataAdapter.UpdatedRowStatusErrors(RowUpdatedEventArgs rowUpdatedEvent, BatchCommandInfo[] batchCommands, Int32 commandCount)
   at System.Data.Common.DbDataAdapter.UpdatedRowStatus(RowUpdatedEventArgs rowUpdatedEvent, BatchCommandInfo[] batchCommands, Int32 commandCount)
   at System.Data.Common.DbDataAdapter.Update(DataRow[] dataRows, DataTableMapping tableMapping)
   at System.Data.Common.DbDataAdapter.Update(DataRow[] dataRows)
   at OpenAccessRuntime.Intellitrace.Update(String id, DbDataAdapter adapter, DataRow[] rows)
   at Telerik.OpenAccess.RT.sql.Batch.Perform(String connId, DbDataAdapter adapter, DataRow[] rows)
   at Telerik.OpenAccess.Runtime.Logging.LoggingDbCommand.ExecuteBatch(DbDataAdapter adapter, DataRow[] rows, Batch batch)
   at Telerik.OpenAccess.RT.Adonet2Generic.Impl.StatementImp.Execute(DbDataAdapter adapter, DataRow[] rows, Batch batch)
   --- End of inner exception stack trace ---
   at Telerik.OpenAccess.RT.Adonet2Generic.Impl.StatementImp.Execute(DbDataAdapter adapter, DataRow[] rows, Batch batch)
   at Telerik.OpenAccess.RT.sql.Batch.ExecuteBatchDataTable(Boolean withInfo)
Source : Unity_ILEmit_DynamicClasses
Help link : 
InnerExceptions : System.Exception[]
FailedObject : 
BackendError : Telerik.OpenAccess.RT.sql.SQLException: String or binary data would be truncated.
The statement has been terminated. ---> System.Data.SqlClient.SqlException: String or binary data would be truncated.
The statement has been terminated.
   at System.Data.Common.DbDataAdapter.UpdatedRowStatusErrors(RowUpdatedEventArgs rowUpdatedEvent, BatchCommandInfo[] batchCommands, Int32 commandCount)
   at System.Data.Common.DbDataAdapter.UpdatedRowStatus(RowUpdatedEventArgs rowUpdatedEvent, BatchCommandInfo[] batchCommands, Int32 commandCount)
   at System.Data.Common.DbDataAdapter.Update(DataRow[] dataRows, DataTableMapping tableMapping)
   at System.Data.Common.DbDataAdapter.Update(DataRow[] dataRows)
   at OpenAccessRuntime.Intellitrace.Update(String id, DbDataAdapter adapter, DataRow[] rows)
   at Telerik.OpenAccess.RT.sql.Batch.Perform(String connId, DbDataAdapter adapter, DataRow[] rows)
   at Telerik.OpenAccess.Runtime.Logging.LoggingDbCommand.ExecuteBatch(DbDataAdapter adapter, DataRow[] rows, Batch batch)
   at Telerik.OpenAccess.RT.Adonet2Generic.Impl.StatementImp.Execute(DbDataAdapter adapter, DataRow[] rows, Batch batch)
   --- End of inner exception stack trace ---
   at Telerik.OpenAccess.RT.Adonet2Generic.Impl.StatementImp.Execute(DbDataAdapter adapter, DataRow[] rows, Batch batch)
   at Telerik.OpenAccess.RT.sql.Batch.ExecuteBatchDataTable(Boolean withInfo)
Reason : Runtime
CanRetry : False
Data : System.Collections.ListDictionaryInternal
TargetSite : Void CommitTransaction()
HResult : -2146233088
Stack Trace :    at DynamicModule.ns.Wrapped_OpenAccessResponsiveDesignProvider_ba441cf72ed24ea4ad788f2094fee3dc.CommitTransaction()
   at Telerik.Sitefinity.Data.ManagerBase`1.SaveChanges(String eventOrigin)
   at Telerik.Sitefinity.Modules.ResponsiveDesign.ResponsiveDesignManager.SaveChanges()
   at Telerik.Sitefinity.Modules.ResponsiveDesign.Web.Services.MediaQueryService.SaveMediaQueryInternal(String mediaQueryId, ItemContext`1 mediaQuery, String provider, String itemType)
   at SyncInvokeSaveMediaQuery(Object , Object[] , Object[] )
   at System.ServiceModel.Dispatcher.SyncMethodInvoker.Invoke(Object instance, Object[] inputs, Object[]& outputs)
   at System.ServiceModel.Dispatcher.DispatchOperationRuntime.InvokeBegin(MessageRpc& rpc)
   at System.ServiceModel.Dispatcher.ImmutableDispatchRuntime.ProcessMessage5(MessageRpc& rpc)
   at System.ServiceModel.Dispatcher.ImmutableDispatchRuntime.ProcessMessage31(MessageRpc& rpc)
   at System.ServiceModel.Dispatcher.MessageRpc.Process(Boolean isOperationContextSet)

Additional Info:

MachineName : PC-LAMB-J
TimeStamp : 4/28/2015 2:02:55 PM
FullName : Telerik.Sitefinity.Utilities, Version=8.0.5700.0, Culture=neutral, PublicKeyToken=b28c218413bdf563
AppDomainName : a5e44346-4-130743789094766622
ThreadIdentity : 
WindowsIdentity : MCMASTER\lambjc
Requested URL : http://localhost:12072/RIVET/Sitefinity/Services/ResponsiveDesign/MediaQuery.svc/00000000-0000-0000-0000-000000000000/?itemType=Telerik.Sitefinity.ResponsiveDesign.Model.MediaQuery&providerName=&managerType=&provider=&workflowOperation=
	Inner Exception
	---------------
	Type : Telerik.OpenAccess.RT.sql.SQLException, Telerik.OpenAccess.Runtime, Version=2015.1.225.1, Culture=neutral, PublicKeyToken=7ce17eeaf1d59342
	Message : String or binary data would be truncated.
The statement has been terminated.
	Source : Telerik.OpenAccess.Runtime
	Help link : 
	ErrorCode : 8152
	ArrayBindIndex : -1
	Number : 8152
	ObjectId : 
	Description : String or binary data would be truncated.
The statement has been terminated.
	Data : System.Collections.ListDictionaryInternal
	TargetSite : Int32 Execute(System.Data.Common.DbDataAdapter, System.Data.DataRow[], Telerik.OpenAccess.RT.sql.Batch)
	HResult : -2146233088
	Stack Trace :    at Telerik.OpenAccess.RT.Adonet2Generic.Impl.StatementImp.Execute(DbDataAdapter adapter, DataRow[] rows, Batch batch)
	   at Telerik.OpenAccess.RT.sql.Batch.ExecuteBatchDataTable(Boolean withInfo)

		Inner Exception
		---------------
		Type : System.Data.SqlClient.SqlException, System.Data, Version=4.0.0.0, Culture=neutral, PublicKeyToken=b77a5c561934e089
		Message : String or binary data would be truncated.
The statement has been terminated.
		Source : .Net SqlClient Data Provider
		Help link : 
		Errors : System.Data.SqlClient.SqlErrorCollection
		ClientConnectionId : fc717d65-f9cd-43a1-81f5-de10d060353a
		Class : 16
		LineNumber : 1
		Number : 8152
		Procedure : 
		Server : \\.\pipe\DFF61647-DFBD-4E\tsql\query
		State : 14
		ErrorCode : -2146232060
		Data : System.Collections.ListDictionaryInternal
		TargetSite : Int32 UpdatedRowStatusErrors(System.Data.Common.RowUpdatedEventArgs, BatchCommandInfo[], Int32)
		HResult : -2146232060
		Stack Trace :    at System.Data.Common.DbDataAdapter.UpdatedRowStatusErrors(RowUpdatedEventArgs rowUpdatedEvent, BatchCommandInfo[] batchCommands, Int32 commandCount)
		   at System.Data.Common.DbDataAdapter.UpdatedRowStatus(RowUpdatedEventArgs rowUpdatedEvent, BatchCommandInfo[] batchCommands, Int32 commandCount)
		   at System.Data.Common.DbDataAdapter.Update(DataRow[] dataRows, DataTableMapping tableMapping)
		   at System.Data.Common.DbDataAdapter.Update(DataRow[] dataRows)
		   at OpenAccessRuntime.Intellitrace.Update(String id, DbDataAdapter adapter, DataRow[] rows)
		   at Telerik.OpenAccess.RT.sql.Batch.Perform(String connId, DbDataAdapter adapter, DataRow[] rows)
		   at Telerik.OpenAccess.Runtime.Logging.LoggingDbCommand.ExecuteBatch(DbDataAdapter adapter, DataRow[] rows, Batch batch)
		   at Telerik.OpenAccess.RT.Adonet2Generic.Impl.StatementImp.Execute(DbDataAdapter adapter, DataRow[] rows, Batch batch)



Category: ErrorLog

Priority: 0

EventId: 90000

Severity: Error

Title:Enterprise Library Exception Handling

Machine: PC-LAMB-J

App Domain: a5e44346-4-130743789094766622

ProcessId: 3788

Process Name: C:\Program Files (x86)\Telerik\Sitefinity\Sitefinity.exe

Thread Name: 

Win32 ThreadId:23968

Extended Properties: 
----------------------------------------
