----------------------------------------
Timestamp: 23/04/2015 6:59:08 PM

Message: Shutting down threadpool...


----------------------------------------
----------------------------------------
Timestamp: 23/04/2015 6:59:08 PM

Message: Background task scheduler shut down


----------------------------------------
----------------------------------------
Timestamp: 23/04/2015 6:59:08 PM

Message: Thread pool 'BackgroundTasksService': Shutdown of thread pool completed. All currently running threads will finish their work and stop.


----------------------------------------
----------------------------------------
Timestamp: 23/04/2015 6:59:09 PM

Message: WorkerThread is shut down


----------------------------------------
----------------------------------------
Timestamp: 23/04/2015 6:59:09 PM

Message: WorkerThread is shut down


----------------------------------------
----------------------------------------
Timestamp: 23/04/2015 6:59:09 PM

Message: WorkerThread is shut down


----------------------------------------
----------------------------------------
Timestamp: 23/04/2015 6:59:09 PM

Message: WorkerThread is shut down


----------------------------------------
----------------------------------------
Timestamp: 23/04/2015 6:59:09 PM

Message: WorkerThread is shut down


----------------------------------------
----------------------------------------
Timestamp: 23/04/2015 6:59:09 PM

Message: WorkerThread is shut down


----------------------------------------
----------------------------------------
Timestamp: 23/04/2015 6:59:09 PM

Message: WorkerThread is shut down


----------------------------------------
----------------------------------------
Timestamp: 23/04/2015 6:59:09 PM

Message: WorkerThread is shut down


----------------------------------------
----------------------------------------
Timestamp: 23/04/2015 6:59:39 PM

Message: Shutting down threadpool...


----------------------------------------
----------------------------------------
Timestamp: 23/04/2015 6:59:39 PM

Message: Thread pool 'BackgroundTasksService': Shutdown of thread pool completed. Threads aborted.


----------------------------------------
