----------------------------------------
Timestamp: 24/04/2015 7:55:09 PM

Message: Shutting down threadpool...


----------------------------------------
----------------------------------------
Timestamp: 24/04/2015 7:55:09 PM

Message: Thread pool 'BackgroundTasksService': Shutdown of thread pool completed. All currently running threads will finish their work and stop.


----------------------------------------
----------------------------------------
Timestamp: 24/04/2015 7:55:09 PM

Message: WorkerThread is shut down


----------------------------------------
----------------------------------------
Timestamp: 24/04/2015 7:55:09 PM

Message: Background task scheduler shut down


----------------------------------------
----------------------------------------
Timestamp: 24/04/2015 7:55:09 PM

Message: WorkerThread is shut down


----------------------------------------
----------------------------------------
Timestamp: 24/04/2015 7:55:09 PM

Message: WorkerThread is shut down


----------------------------------------
----------------------------------------
Timestamp: 24/04/2015 7:55:09 PM

Message: WorkerThread is shut down


----------------------------------------
----------------------------------------
Timestamp: 24/04/2015 7:55:09 PM

Message: WorkerThread is shut down


----------------------------------------
----------------------------------------
Timestamp: 24/04/2015 7:55:09 PM

Message: WorkerThread is shut down


----------------------------------------
----------------------------------------
Timestamp: 24/04/2015 7:55:09 PM

Message: WorkerThread is shut down


----------------------------------------
----------------------------------------
Timestamp: 24/04/2015 7:55:09 PM

Message: WorkerThread is shut down


----------------------------------------
----------------------------------------
Timestamp: 24/04/2015 7:55:39 PM

Message: Shutting down threadpool...


----------------------------------------
----------------------------------------
Timestamp: 24/04/2015 7:55:39 PM

Message: Thread pool 'BackgroundTasksService': Shutdown of thread pool completed. Threads aborted.


----------------------------------------
